2025-07-14 20:12:23,970 [INFO] Activator:176 - 


2025-07-14 20:12:23,972 [INFO] Activator:177 - !SESSION log4j initialized
2025-07-14 20:12:27,737 [INFO] LogOutputStream:77 - [STDOUT_REDIRECT] 
2025-07-14 20:12:48,705 [INFO] ApplicationProperties:184 - Using Application install path: C:\ST\STM32CubeIDE_1.18.0\STM32CubeIDE\plugins\com.st.stm32cube.common.mx_6.15.0.202507011659
2025-07-14 20:12:48,722 [INFO] DbMcusXml:78 - Set database path to: C:\ST\STM32CubeIDE_1.18.0\STM32CubeIDE\plugins\com.st.stm32cube.common.mx_6.15.0.202507011659\\db\/mcu/
2025-07-14 20:12:48,722 [INFO] ApiDb:274 - Set plugin database path to: C:\ST\STM32CubeIDE_1.18.0\STM32CubeIDE\plugins\com.st.stm32cube.common.mx_6.15.0.202507011659\\db\/plugins/boardmanager/
2025-07-14 20:12:48,723 [WARN] ApiDb:259 - Overriding images path with different value:  => C:\ST\STM32CubeIDE_1.18.0\STM32CubeIDE\plugins\com.st.stm32cube.common.mx_6.15.0.202507011659\\db\/plugins/mcufinder/images/
2025-07-14 20:12:48,731 [INFO] ApiDb:250 - Set database path to: C:\Users\magdy\.stmcufinder\plugins\mcufinder//mcu/
2025-07-14 20:12:48,733 [INFO] DbMcusAds:125 - Set database path to: C:\Users\magdy\.stmcufinder\plugins\mcufinder//mcu/
2025-07-14 20:12:48,771 [INFO] CrossReferenceDbSqlite:203 - Set database path to: C:\Users\magdy\.stmcufinder\plugins\mcufinder//mcu/cs/
2025-07-14 20:12:48,909 [INFO] RulesReader:64 - Compatibility file has been processed (317 Rules)
2025-07-14 20:12:48,994 [INFO] DbMcusXml:78 - Set database path to: C:\ST\STM32CubeIDE_1.18.0\STM32CubeIDE\plugins\com.st.stm32cube.common.mx_6.15.0.202507011659\\db\/mcu/
2025-07-14 20:12:48,994 [INFO] ApiDb:274 - Set plugin database path to: C:\ST\STM32CubeIDE_1.18.0\STM32CubeIDE\plugins\com.st.stm32cube.common.mx_6.15.0.202507011659\\db\/plugins/boardmanager/
2025-07-14 20:12:48,994 [INFO] ApiDb:261 - Set plugin images path to: C:\ST\STM32CubeIDE_1.18.0\STM32CubeIDE\plugins\com.st.stm32cube.common.mx_6.15.0.202507011659\\db\/plugins/mcufinder/images/
2025-07-14 20:12:48,994 [WARN] DbFile:41 - Overriding database path with different value: C:\Users\magdy\.stmcufinder\plugins\mcufinder/ => C:\Users\magdy\.stmcufinder\plugins\mcufinder
2025-07-14 20:12:48,994 [INFO] ApiDb:250 - Set database path to: C:\Users\magdy\.stmcufinder\plugins\mcufinder//mcu/
2025-07-14 20:12:48,994 [WARN] DbFile:41 - Overriding database path with different value: C:\Users\magdy\.stmcufinder\plugins\mcufinder/ => C:\Users\magdy\.stmcufinder\plugins\mcufinder
2025-07-14 20:12:48,995 [INFO] DbMcusAds:125 - Set database path to: C:\Users\magdy\.stmcufinder\plugins\mcufinder//mcu/
2025-07-14 20:12:48,995 [WARN] DbFile:41 - Overriding database path with different value: C:\Users\magdy\.stmcufinder\plugins\mcufinder/ => C:\Users\magdy\.stmcufinder\plugins\mcufinder
2025-07-14 20:12:48,995 [WARN] DbFile:41 - Overriding database path with different value: C:\Users\magdy\.stmcufinder\plugins\mcufinder/ => C:\Users\magdy\.stmcufinder\plugins\mcufinder
2025-07-14 20:12:48,995 [INFO] CrossReferenceDbSqlite:203 - Set database path to: C:\Users\magdy\.stmcufinder\plugins\mcufinder//mcu/cs/
2025-07-14 20:12:49,077 [INFO] MainPanel:274 - HeapMemory: 268435456
2025-07-14 20:12:49,188 [INFO] DbMcusXml:78 - Set database path to: C:\ST\STM32CubeIDE_1.18.0\STM32CubeIDE\plugins\com.st.stm32cube.common.mx_6.15.0.202507011659\\db\/mcu/
2025-07-14 20:12:49,188 [INFO] ApiDb:274 - Set plugin database path to: C:\ST\STM32CubeIDE_1.18.0\STM32CubeIDE\plugins\com.st.stm32cube.common.mx_6.15.0.202507011659\\db\/plugins/boardmanager/
2025-07-14 20:12:49,188 [INFO] ApiDb:261 - Set plugin images path to: C:\ST\STM32CubeIDE_1.18.0\STM32CubeIDE\plugins\com.st.stm32cube.common.mx_6.15.0.202507011659\\db\/plugins/mcufinder/images/
2025-07-14 20:12:49,189 [WARN] DbFile:41 - Overriding database path with different value: C:\Users\magdy\.stmcufinder\plugins\mcufinder/ => C:\Users\magdy\.stmcufinder\plugins\mcufinder
2025-07-14 20:12:49,189 [INFO] ApiDb:250 - Set database path to: C:\Users\magdy\.stmcufinder\plugins\mcufinder//mcu/
2025-07-14 20:12:49,189 [WARN] DbFile:41 - Overriding database path with different value: C:\Users\magdy\.stmcufinder\plugins\mcufinder/ => C:\Users\magdy\.stmcufinder\plugins\mcufinder
2025-07-14 20:12:49,189 [INFO] DbMcusAds:125 - Set database path to: C:\Users\magdy\.stmcufinder\plugins\mcufinder//mcu/
2025-07-14 20:12:49,189 [WARN] DbFile:41 - Overriding database path with different value: C:\Users\magdy\.stmcufinder\plugins\mcufinder/ => C:\Users\magdy\.stmcufinder\plugins\mcufinder
2025-07-14 20:12:49,189 [WARN] DbFile:41 - Overriding database path with different value: C:\Users\magdy\.stmcufinder\plugins\mcufinder/ => C:\Users\magdy\.stmcufinder\plugins\mcufinder
2025-07-14 20:12:49,189 [INFO] CrossReferenceDbSqlite:203 - Set database path to: C:\Users\magdy\.stmcufinder\plugins\mcufinder//mcu/cs/
2025-07-14 20:12:49,206 [INFO] ApplicationProperties:184 - Using Application install path: C:\ST\STM32CubeIDE_1.18.0\STM32CubeIDE\plugins\com.st.stm32cube.common.mx_6.15.0.202507011659
2025-07-14 20:12:49,208 [INFO] PluginManage:196 - Search for loadable plugins [exclusion list=, ]
2025-07-14 20:12:49,209 [INFO] PluginManage:310 - Check plugin analytics
2025-07-14 20:13:06,451 [INFO] AnalyticsPlugin:253 - Accepted Software Licenses: 
2025-07-14 20:13:06,451 [INFO] AnalyticsPlugin:255 - Accepted CMSIS Pack Licenses: 
2025-07-14 20:13:06,452 [INFO] AnalyticsPlugin:257 - Accepted Firmware Licenses: 
2025-07-14 20:13:06,456 [INFO] PluginManage:359 - Loaded plugin analytics (category:tool,tabindex:-1)
2025-07-14 20:13:06,456 [INFO] PluginManage:310 - Check plugin cadmodel
2025-07-14 20:13:06,465 [INFO] CADModel:105 - Init CAD model plugin
2025-07-14 20:13:06,465 [INFO] PluginManage:359 - Loaded plugin cadmodel (category:power,tabindex:5)
2025-07-14 20:13:06,466 [INFO] PluginManage:310 - Check plugin clock
2025-07-14 20:13:06,479 [INFO] PluginManage:359 - Loaded plugin clock (category:base,tabindex:2)
2025-07-14 20:13:06,479 [INFO] PluginManage:310 - Check plugin ddr
2025-07-14 20:13:06,482 [INFO] PluginManage:359 - Loaded plugin ddr (category:tool,tabindex:6)
2025-07-14 20:13:06,482 [INFO] PluginManage:310 - Check plugin filemanager
2025-07-14 20:13:06,729 [INFO] PluginManage:359 - Loaded plugin filemanager (category:base,tabindex:10)
2025-07-14 20:13:06,729 [INFO] PluginManage:310 - Check plugin ipmanager
2025-07-14 20:13:06,742 [INFO] PluginManage:359 - Loaded plugin ipmanager (category:base,tabindex:5)
2025-07-14 20:13:06,743 [INFO] PluginManage:310 - Check plugin lpbam
2025-07-14 20:13:06,758 [INFO] PluginManage:359 - Loaded plugin lpbam (category:base,tabindex:0)
2025-07-14 20:13:06,759 [INFO] PluginManage:310 - Check plugin memorymap
2025-07-14 20:13:06,783 [INFO] PluginManage:359 - Loaded plugin memorymap (category:base,tabindex:4)
2025-07-14 20:13:06,784 [INFO] PluginManage:310 - Check plugin pinoutandconfiguration
2025-07-14 20:13:06,800 [INFO] PluginManage:359 - Loaded plugin pinoutandconfiguration (category:base,tabindex:1)
2025-07-14 20:13:06,801 [INFO] PluginManage:310 - Check plugin pinoutconfig
2025-07-14 20:13:06,959 [WARN] SupportedApi:132 - Cannot load RTOS API schema: s4s-elt-must-match.1: The content of 'definitions' must match (annotation?, (simpleType | complexType)?, (unique | key | keyref)*)). A problem was found starting at: attribute.
2025-07-14 20:13:07,222 [INFO] PluginManage:359 - Loaded plugin pinoutconfig (category:base,tabindex:0)
2025-07-14 20:13:07,222 [INFO] PluginManage:310 - Check plugin power
2025-07-14 20:13:07,236 [INFO] PluginManage:359 - Loaded plugin power (category:power,tabindex:4)
2025-07-14 20:13:07,236 [INFO] PluginManage:310 - Check plugin projectmanager
2025-07-14 20:13:07,258 [INFO] PluginManage:359 - Loaded plugin projectmanager (category:projectmanager,tabindex:4)
2025-07-14 20:13:07,259 [INFO] PluginManage:310 - Check plugin rif
2025-07-14 20:13:07,279 [INFO] PluginManage:359 - Loaded plugin rif (category:base,tabindex:3)
2025-07-14 20:13:07,279 [INFO] PluginManage:310 - Check plugin thirdparty
2025-07-14 20:13:07,461 [WARN] IntegrityCheckThread:84 - waiting for thirdparty lock release [integrity check]
2025-07-14 20:13:07,461 [INFO] PluginManage:359 - Loaded plugin thirdparty (category:base,tabindex:-1)
2025-07-14 20:13:07,461 [INFO] IntegrityCheckThread:86 - entering critical section [integrity check]
2025-07-14 20:13:07,461 [INFO] PluginManage:310 - Check plugin tools
2025-07-14 20:13:07,462 [INFO] ThirdPartyUpdaterWithRetryManager:70 - Updater plugin not ready yet. [1/15]
2025-07-14 20:13:07,467 [INFO] PluginManage:359 - Loaded plugin tools (category:base,tabindex:7)
2025-07-14 20:13:07,467 [INFO] PluginManage:310 - Check plugin tutovideos
2025-07-14 20:13:07,691 [INFO] PluginManage:359 - Loaded plugin tutovideos (category:base,tabindex:-1)
2025-07-14 20:13:07,692 [INFO] PluginManage:310 - Check plugin updater
2025-07-14 20:13:07,722 [INFO] PluginManage:359 - Loaded plugin updater (category:base,tabindex:12)
2025-07-14 20:13:07,723 [INFO] PluginManage:310 - Check plugin userauth
2025-07-14 20:13:07,730 [INFO] UserAuth:118 - Init User Auth plugin
2025-07-14 20:13:07,731 [INFO] PluginManage:359 - Loaded plugin userauth (category:base,tabindex:14)
2025-07-14 20:13:07,732 [INFO] PluginManage:283 - PluginManage : Loaded plugins [18]
2025-07-14 20:13:08,066 [INFO] PinOutPanel:1589 - setPackage(No Configuration,No Configuration)
2025-07-14 20:13:08,215 [INFO] CADModel:165 - CPN selected for project level
2025-07-14 20:13:08,215 [INFO] CADModel:114 - Register for checkConnection events
2025-07-14 20:13:08,241 [INFO] IPUIPlugin:80 - create IPUIPlugin
2025-07-14 20:13:08,242 [INFO] PluginManager:220 - loadIPPluginJar : add adc
2025-07-14 20:13:08,246 [INFO] IPUIPlugin:80 - create IPUIPlugin
2025-07-14 20:13:08,246 [INFO] PluginManager:220 - loadIPPluginJar : add aes
2025-07-14 20:13:08,249 [INFO] IPUIPlugin:80 - create IPUIPlugin
2025-07-14 20:13:08,250 [INFO] PluginManager:220 - loadIPPluginJar : add can
2025-07-14 20:13:08,253 [INFO] IPUIPlugin:80 - create IPUIPlugin
2025-07-14 20:13:08,253 [INFO] PluginManager:220 - loadIPPluginJar : add comp
2025-07-14 20:13:08,256 [INFO] IPUIPlugin:80 - create IPUIPlugin
2025-07-14 20:13:08,256 [INFO] PluginManager:220 - loadIPPluginJar : add cryp
2025-07-14 20:13:08,261 [INFO] IPUIPlugin:80 - create IPUIPlugin
2025-07-14 20:13:08,261 [INFO] PluginManager:220 - loadIPPluginJar : add ddr_ctrl_phy
2025-07-14 20:13:08,265 [INFO] IPUIPlugin:80 - create IPUIPlugin
2025-07-14 20:13:08,265 [INFO] PluginManager:220 - loadIPPluginJar : add dfsdm
2025-07-14 20:13:08,270 [INFO] IPUIPlugin:80 - create IPUIPlugin
2025-07-14 20:13:08,271 [INFO] PluginManager:220 - loadIPPluginJar : add dma
2025-07-14 20:13:08,274 [INFO] IPUIPlugin:80 - create IPUIPlugin
2025-07-14 20:13:08,274 [INFO] PluginManager:220 - loadIPPluginJar : add dma3
2025-07-14 20:13:08,278 [INFO] IPUIPlugin:80 - create IPUIPlugin
2025-07-14 20:13:08,278 [INFO] PluginManager:220 - loadIPPluginJar : add extmemmanager
2025-07-14 20:13:08,280 [INFO] IPUIPlugin:80 - create IPUIPlugin
2025-07-14 20:13:08,280 [INFO] PluginManager:220 - loadIPPluginJar : add fatfs
2025-07-14 20:13:08,285 [INFO] IPUIPlugin:80 - create IPUIPlugin
2025-07-14 20:13:08,285 [INFO] PluginManager:220 - loadIPPluginJar : add fmc
2025-07-14 20:13:08,293 [INFO] IPUIPlugin:80 - create IPUIPlugin
2025-07-14 20:13:08,293 [INFO] PluginManager:220 - loadIPPluginJar : add freertos
2025-07-14 20:13:08,296 [INFO] IPUIPlugin:80 - create IPUIPlugin
2025-07-14 20:13:08,296 [INFO] PluginManager:220 - loadIPPluginJar : add genericplugin
2025-07-14 20:13:08,300 [INFO] IPUIPlugin:80 - create IPUIPlugin
2025-07-14 20:13:08,301 [INFO] PluginManager:220 - loadIPPluginJar : add gfxmmu
2025-07-14 20:13:08,310 [INFO] IPUIPlugin:80 - create IPUIPlugin
2025-07-14 20:13:08,311 [INFO] PluginManager:220 - loadIPPluginJar : add gic
2025-07-14 20:13:08,317 [INFO] IPUIPlugin:80 - create IPUIPlugin
2025-07-14 20:13:08,318 [INFO] PluginManager:220 - loadIPPluginJar : add gpio
2025-07-14 20:13:08,322 [INFO] IPUIPlugin:80 - create IPUIPlugin
2025-07-14 20:13:08,322 [INFO] PluginManager:220 - loadIPPluginJar : add gtzc
2025-07-14 20:13:08,326 [INFO] IPUIPlugin:80 - create IPUIPlugin
2025-07-14 20:13:08,326 [INFO] PluginManager:220 - loadIPPluginJar : add hash
2025-07-14 20:13:08,330 [INFO] IPUIPlugin:80 - create IPUIPlugin
2025-07-14 20:13:08,330 [INFO] PluginManager:220 - loadIPPluginJar : add i2c
2025-07-14 20:13:08,333 [INFO] IPUIPlugin:80 - create IPUIPlugin
2025-07-14 20:13:08,333 [INFO] PluginManager:220 - loadIPPluginJar : add i2s
2025-07-14 20:13:08,338 [INFO] IPUIPlugin:80 - create IPUIPlugin
2025-07-14 20:13:08,338 [INFO] PluginManager:220 - loadIPPluginJar : add i3c
2025-07-14 20:13:08,341 [INFO] IPUIPlugin:80 - create IPUIPlugin
2025-07-14 20:13:08,342 [INFO] PluginManager:220 - loadIPPluginJar : add ipddr
2025-07-14 20:13:08,349 [INFO] IPUIPlugin:80 - create IPUIPlugin
2025-07-14 20:13:08,349 [INFO] PluginManager:220 - loadIPPluginJar : add linkedlist
2025-07-14 20:13:08,352 [INFO] IPUIPlugin:80 - create IPUIPlugin
2025-07-14 20:13:08,353 [INFO] PluginManager:220 - loadIPPluginJar : add lorawan
2025-07-14 20:13:08,355 [INFO] IPUIPlugin:80 - create IPUIPlugin
2025-07-14 20:13:08,355 [INFO] PluginManager:220 - loadIPPluginJar : add ltdc
2025-07-14 20:13:08,361 [INFO] IPUIPlugin:80 - create IPUIPlugin
2025-07-14 20:13:08,361 [INFO] PluginManager:220 - loadIPPluginJar : add mdma
2025-07-14 20:13:08,366 [INFO] IPUIPlugin:80 - create IPUIPlugin
2025-07-14 20:13:08,366 [INFO] PluginManager:220 - loadIPPluginJar : add nvic
2025-07-14 20:13:08,372 [INFO] IPUIPlugin:80 - create IPUIPlugin
2025-07-14 20:13:08,372 [INFO] PluginManager:220 - loadIPPluginJar : add opamp
2025-07-14 20:13:08,377 [INFO] IPUIPlugin:80 - create IPUIPlugin
2025-07-14 20:13:08,377 [INFO] PluginManager:220 - loadIPPluginJar : add openamp
2025-07-14 20:13:08,380 [INFO] IPUIPlugin:80 - create IPUIPlugin
2025-07-14 20:13:08,380 [INFO] PluginManager:220 - loadIPPluginJar : add pdm2pcm
2025-07-14 20:13:08,386 [INFO] IPUIPlugin:80 - create IPUIPlugin
2025-07-14 20:13:08,390 [INFO] PluginManager:220 - loadIPPluginJar : add plateformsettings
2025-07-14 20:13:08,392 [INFO] IPUIPlugin:80 - create IPUIPlugin
2025-07-14 20:13:08,393 [INFO] PluginManager:220 - loadIPPluginJar : add quadspi
2025-07-14 20:13:08,395 [INFO] IPUIPlugin:80 - create IPUIPlugin
2025-07-14 20:13:08,396 [INFO] PluginManager:220 - loadIPPluginJar : add radio
2025-07-14 20:13:08,401 [INFO] IPUIPlugin:80 - create IPUIPlugin
2025-07-14 20:13:08,402 [INFO] PluginManager:220 - loadIPPluginJar : add resmgrutility
2025-07-14 20:13:08,405 [INFO] IPUIPlugin:80 - create IPUIPlugin
2025-07-14 20:13:08,405 [INFO] PluginManager:220 - loadIPPluginJar : add sai
2025-07-14 20:13:08,409 [INFO] IPUIPlugin:80 - create IPUIPlugin
2025-07-14 20:13:08,409 [INFO] PluginManager:220 - loadIPPluginJar : add spi
2025-07-14 20:13:08,415 [INFO] IPUIPlugin:80 - create IPUIPlugin
2025-07-14 20:13:08,416 [INFO] PluginManager:220 - loadIPPluginJar : add stm32_wpan
2025-07-14 20:13:08,418 [INFO] IPUIPlugin:80 - create IPUIPlugin
2025-07-14 20:13:08,418 [INFO] PluginManager:220 - loadIPPluginJar : add tim
2025-07-14 20:13:08,421 [INFO] IPUIPlugin:80 - create IPUIPlugin
2025-07-14 20:13:08,421 [INFO] PluginManager:220 - loadIPPluginJar : add touchsensing
2025-07-14 20:13:08,426 [INFO] IPUIPlugin:80 - create IPUIPlugin
2025-07-14 20:13:08,426 [INFO] PluginManager:220 - loadIPPluginJar : add tracer_emb
2025-07-14 20:13:08,429 [INFO] IPUIPlugin:80 - create IPUIPlugin
2025-07-14 20:13:08,429 [INFO] PluginManager:220 - loadIPPluginJar : add ts
2025-07-14 20:13:08,432 [INFO] IPUIPlugin:80 - create IPUIPlugin
2025-07-14 20:13:08,432 [INFO] PluginManager:220 - loadIPPluginJar : add tsc
2025-07-14 20:13:08,435 [INFO] IPUIPlugin:80 - create IPUIPlugin
2025-07-14 20:13:08,435 [INFO] PluginManager:220 - loadIPPluginJar : add ucpd
2025-07-14 20:13:08,439 [INFO] IPUIPlugin:80 - create IPUIPlugin
2025-07-14 20:13:08,439 [INFO] PluginManager:220 - loadIPPluginJar : add usart
2025-07-14 20:13:08,444 [INFO] IPUIPlugin:80 - create IPUIPlugin
2025-07-14 20:13:08,445 [INFO] PluginManager:220 - loadIPPluginJar : add usbx
2025-07-14 20:13:08,624 [FATAL] Updater:351 - Updater called before beeing initialized
2025-07-14 20:13:08,663 [INFO] RulesReader:64 - Compatibility file has been processed (317 Rules)
2025-07-14 20:13:08,678 [INFO] RulesReader:64 - Compatibility file has been processed (317 Rules)
2025-07-14 20:13:08,688 [INFO] CADModel:165 - CPN selected for project level
2025-07-14 20:13:08,688 [INFO] CADModel:114 - Register for checkConnection events
2025-07-14 20:13:08,688 [FATAL] Updater:351 - Updater called before beeing initialized
2025-07-14 20:13:08,688 [ERROR] CADModel:125 - Updater not yet initialized, retry later 
2025-07-14 20:13:08,940 [FATAL] Updater:351 - Updater called before beeing initialized
2025-07-14 20:13:08,945 [INFO] CADModel:165 - CPN selected for project level
2025-07-14 20:13:08,945 [INFO] CADModel:114 - Register for checkConnection events
2025-07-14 20:13:08,945 [FATAL] Updater:351 - Updater called before beeing initialized
2025-07-14 20:13:08,946 [ERROR] CADModel:125 - Updater not yet initialized, retry later 
2025-07-14 20:13:08,950 [FATAL] Updater:351 - Updater called before beeing initialized
2025-07-14 20:13:09,120 [FATAL] Updater:351 - Updater called before beeing initialized
2025-07-14 20:13:09,124 [INFO] DbMcusAds:53 - JSON generation date=Tue Jul 08 11:14:27 EEST 2025 (1751962467633)
2025-07-14 20:13:09,124 [FATAL] Updater:351 - Updater called before beeing initialized
2025-07-14 20:13:09,166 [WARN] DetailPanel:346 - Failed to get advertising image, set to default
2025-07-14 20:13:09,249 [FATAL] Updater:351 - Updater called before beeing initialized
2025-07-14 20:13:09,251 [FATAL] Updater:351 - Updater called before beeing initialized
2025-07-14 20:13:09,251 [FATAL] Updater:351 - Updater called before beeing initialized
2025-07-14 20:13:09,251 [WARN] DetailPanel:346 - Failed to get advertising image, set to default
2025-07-14 20:13:09,252 [FATAL] Updater:351 - Updater called before beeing initialized
2025-07-14 20:13:09,316 [ERROR] Updater:1198 - MainUpdater not yet initialized. External WinMGr cannot be set.
2025-07-14 20:13:09,319 [INFO] Updater:1134 - Updater Version found : 6.15.0
2025-07-14 20:13:09,344 [INFO] ApplicationProperties:184 - Using Application install path: C:\ST\STM32CubeIDE_1.18.0\STM32CubeIDE\plugins\com.st.stm32cube.common.mx_6.15.0.202507011659
2025-07-14 20:13:10,464 [INFO] ThirdPartyUpdaterWithRetryManager:70 - Updater plugin not ready yet. [2/15]
2025-07-14 20:13:10,935 [ERROR] LogOutputStream:75 - [STDERR_REDIRECT] Jul 14, 2025 8:13:10 PM java.util.prefs.WindowsPreferences <init>
2025-07-14 20:13:10,936 [ERROR] LogOutputStream:75 - [STDERR_REDIRECT] WARNING: Could not open/create prefs root node Software\JavaSoft\Prefs at root 0xffffffff80000002. Windows RegCreateKeyEx(...) returned error code 5.
2025-07-14 20:13:10,936 [ERROR] LogOutputStream:75 - [STDERR_REDIRECT] 
2025-07-14 20:13:11,498 [INFO] MainUpdater:2872 - connection check result : 10
2025-07-14 20:13:11,498 [INFO] MainUpdater:289 - Updater Check For Update Now.
2025-07-14 20:13:11,498 [INFO] MicroXplorer:498 - Change Database Version : DB.6.0.150
2025-07-14 20:13:11,506 [INFO] McuFinderGlobals:63 - Set McuFinder mode to 2 (CubeIDE integrated)
2025-07-14 20:13:11,508 [INFO] UserAuth:171 - activating auth plugin
2025-07-14 20:13:11,512 [INFO] UserAuth:487 - Internet connection configuration mode: 1
2025-07-14 20:13:11,550 [INFO] JxBrowserEngine:152 - Initiate JxBrowser Engine with user profile folder
2025-07-14 20:13:11,748 [INFO] CheckServerUpdateThread:120 - End of CheckServer Thread
2025-07-14 20:13:13,163 [INFO] WebApp:169 - Instantiating new browser for Auth
2025-07-14 20:13:13,993 [WARN] PackLoader:240 - Cannot read IP mode file for STMicroelectronics.FP-SNS-MOTENVWB1.1.4.0
2025-07-14 20:13:14,010 [WARN] PackLoader:240 - Cannot read IP mode file for STMicroelectronics.FP-ATR-ASTRA1.2.0.2
2025-07-14 20:13:14,029 [WARN] PackLoader:240 - Cannot read IP mode file for STMicroelectronics.X-CUBE-SMBUS.2.1.0
2025-07-14 20:13:14,095 [WARN] PackLoader:240 - Cannot read IP mode file for STMicroelectronics.X-CUBE-AZRTOS-F7.1.1.0
2025-07-14 20:13:14,161 [WARN] PackLoader:240 - Cannot read IP mode file for Infineon.AIROC-Wi-Fi-Bluetooth-STM32.1.7.0
2025-07-14 20:13:14,235 [WARN] PackLoader:240 - Cannot read IP mode file for STMicroelectronics.X-CUBE-AZRTOS-H7.3.4.0
2025-07-14 20:13:14,272 [WARN] PackLoader:240 - Cannot read IP mode file for STMicroelectronics.X-CUBE-DISPLAY.3.0.0
2025-07-14 20:13:14,300 [WARN] PackLoader:240 - Cannot read IP mode file for STMicroelectronics.X-CUBE-NFC10.1.0.0
2025-07-14 20:13:14,331 [WARN] PackLoader:240 - Cannot read IP mode file for STMicroelectronics.X-CUBE-BLEMGR.4.0.0
2025-07-14 20:13:14,356 [WARN] PackLoader:240 - Cannot read IP mode file for emotas.I-CUBE-CANOPEN.1.3.0
2025-07-14 20:13:14,365 [WARN] ConditionMgr:438 - getConditionDescription Invalid condition id : Cortex-A Device cause : null
2025-07-14 20:13:14,393 [WARN] ConditionMgr:1044 - genDependencies : Invalid condition id : Cortex-A Device cause : null
2025-07-14 20:13:14,393 [WARN] ConditionMgr:1044 - genDependencies : Invalid condition id : Cortex-A Device cause : null
2025-07-14 20:13:14,393 [WARN] ConditionMgr:1044 - genDependencies : Invalid condition id : Cortex-A Device cause : null
2025-07-14 20:13:14,401 [WARN] PackLoader:240 - Cannot read IP mode file for STMicroelectronics.X-CUBE-AI.10.0.0
2025-07-14 20:13:14,411 [WARN] PackLoader:240 - Cannot read IP mode file for STMicroelectronics.FP-SNS-SMARTAG2.1.2.0
2025-07-14 20:13:14,421 [WARN] PackLoader:240 - Cannot read IP mode file for STMicroelectronics.FP-SNS-FLIGHT1.5.1.0
2025-07-14 20:13:14,453 [INFO] LogOutputStream:77 - [STDOUT_REDIRECT] 1 : Invalid condition id : UX_CORESTACK_Condition cause : null
2025-07-14 20:13:14,455 [INFO] LogOutputStream:77 - [STDOUT_REDIRECT] 1 : Invalid condition id : UX_CORESTACK_Condition cause : null
2025-07-14 20:13:14,458 [INFO] LogOutputStream:77 - [STDOUT_REDIRECT] 1 : Invalid condition id : UX_CORESTACK_Condition cause : null
2025-07-14 20:13:14,462 [INFO] LogOutputStream:77 - [STDOUT_REDIRECT] 1 : Invalid condition id : UX_CORESTACK_Condition cause : null
2025-07-14 20:13:14,465 [INFO] LogOutputStream:77 - [STDOUT_REDIRECT] 1 : Invalid condition id : UX_CORESTACK_Condition cause : null
2025-07-14 20:13:14,476 [WARN] PackLoader:240 - Cannot read IP mode file for STMicroelectronics.X-CUBE-AZRTOS-WL.2.0.0
2025-07-14 20:13:14,486 [WARN] PackLoader:240 - Cannot read IP mode file for STMicroelectronics.FP-SNS-MOTENV1.5.0.0
2025-07-14 20:13:14,511 [WARN] PackLoader:240 - Cannot read IP mode file for WES.I-CUBE-Cesium.1.3.0
2025-07-14 20:13:14,523 [WARN] PackLoader:240 - Cannot read IP mode file for STMicroelectronics.X-CUBE-BLE2.3.3.0
2025-07-14 20:13:14,540 [WARN] PackLoader:240 - Cannot read IP mode file for STMicroelectronics.X-CUBE-NFC9.1.0.0
2025-07-14 20:13:14,554 [WARN] PackLoader:240 - Cannot read IP mode file for STMicroelectronics.X-CUBE-BLE1.7.1.0
2025-07-14 20:13:14,566 [WARN] PackLoader:240 - Cannot read IP mode file for wolfSSL.I-CUBE-wolfMQTT.1.19.2
2025-07-14 20:13:14,581 [WARN] PackLoader:240 - Cannot read IP mode file for STMicroelectronics.X-CUBE-EEPRMA1.5.2.0
2025-07-14 20:13:14,591 [WARN] PackLoader:240 - Cannot read IP mode file for STMicroelectronics.X-CUBE-AI.10.1.0
2025-07-14 20:13:14,715 [WARN] PackLoader:240 - Cannot read IP mode file for STMicroelectronics.X-CUBE-MEMS1.11.2.0
2025-07-14 20:13:14,727 [INFO] WebApp:463 - Apply proxy settings
2025-07-14 20:13:14,728 [INFO] WebApp:548 - Chromium requires no authentication
2025-07-14 20:13:14,754 [INFO] WebApp:491 - Direct internet connection detected
2025-07-14 20:13:14,800 [INFO] WebApp:900 - Register for checkConnection events
2025-07-14 20:13:14,800 [INFO] WebApp:463 - Apply proxy settings
2025-07-14 20:13:14,800 [INFO] WebApp:548 - Chromium requires no authentication
2025-07-14 20:13:14,801 [INFO] WebApp:491 - Direct internet connection detected
2025-07-14 20:13:14,997 [WARN] PackLoader:240 - Cannot read IP mode file for STMicroelectronics.X-CUBE-AZRTOS-G0.1.1.0
2025-07-14 20:13:15,010 [WARN] PackLoader:240 - Cannot read IP mode file for STMicroelectronics.X-CUBE-SAFEA1.1.2.2
2025-07-14 20:13:15,020 [WARN] PackLoader:240 - Cannot read IP mode file for STMicroelectronics.X-CUBE-NFC4.3.0.0
2025-07-14 20:13:15,035 [WARN] PackLoader:240 - Cannot read IP mode file for EmbeddedOffice.I-CUBE-FS-RTOS.1.0.1
2025-07-14 20:13:15,045 [WARN] PackLoader:240 - Cannot read IP mode file for STMicroelectronics.X-CUBE-WB05N.2.0.0
2025-07-14 20:13:15,053 [WARN] PackLoader:240 - Cannot read IP mode file for wolfSSL.I-CUBE-wolfTPM.3.8.0
2025-07-14 20:13:15,061 [WARN] PackLoader:240 - Cannot read IP mode file for STMicroelectronics.X-CUBE-TCPP.4.2.0
2025-07-14 20:13:15,073 [WARN] PackLoader:240 - Cannot read IP mode file for RealThread.X-CUBE-RT-Thread_Nano.4.1.1
2025-07-14 20:13:15,079 [WARN] PackLoader:240 - Cannot read IP mode file for STMicroelectronics.FP-ATR-SIGFOX1.3.2.0
2025-07-14 20:13:15,088 [WARN] PackLoader:240 - Cannot read IP mode file for STMicroelectronics.X-CUBE-EEPRMA1.5.1.0
2025-07-14 20:13:15,096 [WARN] PackLoader:240 - Cannot read IP mode file for wolfSSL.I-CUBE-wolfSSL.5.7.6
2025-07-14 20:13:15,104 [WARN] PackLoader:240 - Cannot read IP mode file for ITTIA_DB.I-CUBE-ITTIADB.8.9.0
2025-07-14 20:13:15,114 [WARN] PackLoader:240 - Cannot read IP mode file for STMicroelectronics.X-CUBE-ST67W61.1.0.0
2025-07-14 20:13:15,159 [WARN] PackLoader:240 - Cannot read IP mode file for SEGGER.I-CUBE-embOS.1.3.1
2025-07-14 20:13:15,185 [INFO] WebApp:225 - Starting web application
2025-07-14 20:13:15,185 [INFO] WebApp:593 - Web application path used C:\ST\STM32CubeIDE_1.18.0\STM32CubeIDE\plugins\com.st.stm32cube.common.mx_6.15.0.202507011659\db\plugins\mcufinder\reactClient1\index.html
2025-07-14 20:13:15,266 [WARN] PackLoader:240 - Cannot read IP mode file for STMicroelectronics.X-CUBE-ALGOBUILD.1.4.0
2025-07-14 20:13:15,406 [WARN] PackLoader:240 - Cannot read IP mode file for STMicroelectronics.X-CUBE-MEMS1.11.3.0
2025-07-14 20:13:15,490 [INFO] WebApp:191 - Connection restablished
2025-07-14 20:13:15,625 [WARN] PackLoader:240 - Cannot read IP mode file for STMicroelectronics.X-CUBE-PM33A1.1.0.0
2025-07-14 20:13:15,656 [WARN] PackLoader:240 - Cannot read IP mode file for STMicroelectronics.X-CUBE-AZRTOS-F4.1.1.0
2025-07-14 20:13:15,668 [WARN] PackLoader:240 - Cannot read IP mode file for Avnet-IotConnect.X-CUBE-IoTC-DA16k-PMOD.1.0.0
2025-07-14 20:13:15,676 [WARN] PackLoader:240 - Cannot read IP mode file for STMicroelectronics.X-CUBE-ISPU.2.1.0
2025-07-14 20:13:15,689 [WARN] PackLoader:240 - Cannot read IP mode file for STMicroelectronics.X-CUBE-NFC12.1.0.0
2025-07-14 20:13:15,743 [WARN] PackLoader:240 - Cannot read IP mode file for STMicroelectronics.X-CUBE-AZRTOS-L5.2.0.0
2025-07-14 20:13:15,765 [WARN] PackLoader:240 - Cannot read IP mode file for STMicroelectronics.X-CUBE-NFC6.3.1.0
2025-07-14 20:13:15,783 [WARN] PackLoader:240 - Cannot read IP mode file for STMicroelectronics.X-CUBE-FREERTOS.1.3.1
2025-07-14 20:13:15,795 [WARN] PackLoader:240 - Cannot read IP mode file for STMicroelectronics.FP-SNS-STAIOTCFT.1.0.0
2025-07-14 20:13:15,808 [WARN] PackLoader:240 - Cannot read IP mode file for STMicroelectronics.X-CUBE-DPower.1.3.0
2025-07-14 20:13:15,846 [WARN] ConditionMgr:438 - getConditionDescription Invalid condition id : LAN8742 Phy interface Condition cause : null
2025-07-14 20:13:15,848 [WARN] PackLoader:240 - Cannot read IP mode file for STMicroelectronics.X-CUBE-AZRTOS-L4.2.0.0
2025-07-14 20:13:15,850 [WARN] ConditionMgr:1044 - genDependencies : Invalid condition id : LAN8742 Phy interface Condition cause : null
2025-07-14 20:13:15,851 [WARN] ConditionMgr:1044 - genDependencies : Invalid condition id : LAN8742 Phy interface Condition cause : null
2025-07-14 20:13:15,852 [WARN] ConditionMgr:1044 - genDependencies : Invalid condition id : LAN8742 Phy interface Condition cause : null
2025-07-14 20:13:15,868 [WARN] PackLoader:240 - Cannot read IP mode file for STMicroelectronics.X-CUBE-SFXS2LP1.4.0.0
2025-07-14 20:13:15,903 [WARN] PackLoader:240 - Cannot read IP mode file for STMicroelectronics.X-CUBE-AZRTOS-H7.3.3.0
2025-07-14 20:13:15,925 [WARN] ConditionMgr:438 - getConditionDescription Invalid condition id : UX DEVICE CLASS RTOS Condition cause : null
2025-07-14 20:13:15,925 [WARN] ConditionMgr:438 - getConditionDescription Invalid condition id : UX DEVICE CLASS RTOS Condition cause : null
2025-07-14 20:13:15,928 [WARN] PackLoader:240 - Cannot read IP mode file for STMicroelectronics.X-CUBE-AZRTOS-WB.2.0.0
2025-07-14 20:13:15,929 [WARN] ConditionMgr:1044 - genDependencies : Invalid condition id : UX DEVICE CLASS RTOS Condition cause : null
2025-07-14 20:13:15,929 [WARN] ConditionMgr:1044 - genDependencies : Invalid condition id : UX DEVICE CLASS RTOS Condition cause : null
2025-07-14 20:13:15,929 [WARN] ConditionMgr:1044 - genDependencies : Invalid condition id : UX DEVICE CLASS RTOS Condition cause : null
2025-07-14 20:13:15,930 [WARN] ConditionMgr:1044 - genDependencies : Invalid condition id : UX DEVICE CLASS RTOS Condition cause : null
2025-07-14 20:13:15,930 [WARN] ConditionMgr:1044 - genDependencies : Invalid condition id : UX DEVICE CLASS RTOS Condition cause : null
2025-07-14 20:13:15,943 [WARN] PackLoader:240 - Cannot read IP mode file for STMicroelectronics.X-CUBE-GNSS1.7.0.1
2025-07-14 20:13:15,954 [WARN] PackLoader:240 - Cannot read IP mode file for STMicroelectronics.X-CUBE-TOUCHGFX.4.25.0
2025-07-14 20:13:15,965 [WARN] PackLoader:240 - Cannot read IP mode file for STMicroelectronics.FP-SNS-STBOX1.2.0.0
2025-07-14 20:13:15,994 [WARN] PackLoader:240 - Cannot read IP mode file for STMicroelectronics.X-CUBE-SUBG2.5.0.0
2025-07-14 20:13:16,029 [WARN] PackLoader:240 - Cannot read IP mode file for STMicroelectronics.X-CUBE-AZRTOS-H7RS.1.1.0
2025-07-14 20:13:16,038 [WARN] PackLoader:240 - Cannot read IP mode file for Cesanta.I-CUBE-Mongoose.7.13.0
2025-07-14 20:13:16,060 [WARN] PackLoader:240 - Cannot read IP mode file for STMicroelectronics.X-CUBE-AZRTOS-G4.2.0.0
2025-07-14 20:13:16,069 [WARN] PackLoader:240 - Cannot read IP mode file for wolfSSL.I-CUBE-wolfSSH.1.4.20
2025-07-14 20:13:16,079 [WARN] PackLoader:240 - Cannot read IP mode file for STMicroelectronics.X-CUBE-NFC7.2.0.0
2025-07-14 20:13:16,103 [WARN] PackLoader:240 - Cannot read IP mode file for STMicroelectronics.X-CUBE-IPS.3.1.0
2025-07-14 20:13:16,118 [WARN] PackLoader:240 - Cannot read IP mode file for STMicroelectronics.X-CUBE-ALS.1.0.2
2025-07-14 20:13:16,128 [WARN] PackLoader:240 - Cannot read IP mode file for portGmbH.I-Cube-SoM-uGOAL.1.1.0
2025-07-14 20:13:16,149 [WARN] PackLoader:240 - Cannot read IP mode file for STMicroelectronics.X-CUBE-TOF1.3.4.3
2025-07-14 20:13:16,170 [INFO] ThirdParty:978 - Integrity check success = true
2025-07-14 20:13:16,170 [INFO] IntegrityCheckThread:100 - exiting critical section [integrity check]
2025-07-14 20:13:16,170 [INFO] IntegrityCheckThread:103 - End integrity checks thread
2025-07-14 20:15:10,854 [ERROR] LogOutputStream:75 - [STDERR_REDIRECT] 
2025-07-14 20:15:10,855 [ERROR] LogOutputStream:75 - [STDERR_REDIRECT] 
2025-07-14 20:15:20,616 [INFO] Activator:176 - 


2025-07-14 20:15:20,619 [INFO] Activator:177 - !SESSION log4j initialized
2025-07-14 20:15:24,531 [INFO] LogOutputStream:77 - [STDOUT_REDIRECT] 
